[01:26:51.018] Global cache location '/home/hamza/.cache/typescript/4.7', safe file path '/home/hamza/.emacs.d/.cache/lsp/npm/typescript/lib/node_modules/typescript/lib/typingSafeList.json', types map path /home/hamza/.emacs.d/.cache/lsp/npm/typescript/lib/node_modules/typescript/lib/typesMap.json
[01:26:51.019] Processing cache location '/home/hamza/.cache/typescript/4.7'
[01:26:51.019] Trying to find '/home/hamza/.cache/typescript/4.7/package.json'...
[01:26:51.020] Loaded content of '/home/hamza/.cache/typescript/4.7/package.json': {"private":true,"dependencies":{"types-registry":"^0.1.602"},"devDependencies":{"@types/babel__core":"^7.1.19","@types/babel__preset-env":"^7.9.2","@types/react":"^18.0.15","@types/react-dom":"^18.0.6"}}
[01:26:51.021] Loaded content of '/home/hamza/.cache/typescript/4.7/package-lock.json'
[01:26:51.028] Adding entry into typings cache: 'babel__core' => '/home/hamza/.cache/typescript/4.7/node_modules/@types/babel__core/index.d.ts'
[01:26:51.030] Adding entry into typings cache: 'babel__preset-env' => '/home/hamza/.cache/typescript/4.7/node_modules/@types/babel__preset-env/index.d.ts'
[01:26:51.033] Adding entry into typings cache: 'react' => '/home/hamza/.cache/typescript/4.7/node_modules/@types/react/index.d.ts'
[01:26:51.034] Adding entry into typings cache: 'react-dom' => '/home/hamza/.cache/typescript/4.7/node_modules/@types/react-dom/index.d.ts'
[01:26:51.034] Finished processing cache location '/home/hamza/.cache/typescript/4.7'
[01:26:51.034] Process id: 15478
[01:26:51.034] NPM location: /usr/bin/npm (explicit '--npmLocation' not  provided)
[01:26:51.034] validateDefaultNpmLocation: false
[01:26:51.034] Npm config file: /home/hamza/.cache/typescript/4.7/package.json
[01:26:51.034] Updating types-registry npm package...
[01:26:51.035] Exec: /usr/bin/npm install --ignore-scripts types-registry@latest
[01:26:52.477]     Succeeded. stdout:
    
    up to date, audited 16 packages in 1s

found 0 vulnerabilities

[01:26:52.477] Updated types-registry npm package
[01:26:52.541] Got install request {"projectName":"/dev/null/inferredProject1*","fileNames":["/home/hamza/.emacs.d/.cache/lsp/npm/typescript/lib/node_modules/typescript/lib/lib.es5.d.ts","/home/hamza/.emacs.d/.cache/lsp/npm/typescript/lib/node_modules/typescript/lib/lib.es2015.d.ts","/home/hamza/.emacs.d/.cache/lsp/npm/typescript/lib/node_modules/typescript/lib/lib.es2016.d.ts","/home/hamza/.emacs.d/.cache/lsp/npm/typescript/lib/node_modules/typescript/lib/lib.dom.d.ts","/home/hamza/.emacs.d/.cache/lsp/npm/typescript/lib/node_modules/typescript/lib/lib.dom.iterable.d.ts","/home/hamza/.emacs.d/.cache/lsp/npm/typescript/lib/node_modules/typescript/lib/lib.webworker.importscripts.d.ts","/home/hamza/.emacs.d/.cache/lsp/npm/typescript/lib/node_modules/typescript/lib/lib.scripthost.d.ts","/home/hamza/.emacs.d/.cache/lsp/npm/typescript/lib/node_modules/typescript/lib/lib.es2015.core.d.ts","/home/hamza/.emacs.d/.cache/lsp/npm/typescript/lib/node_modules/typescript/lib/lib.es2015.collection.d.ts","/home/hamza/.emacs.d/.cache/lsp/npm/typescript/lib/node_modules/typescript/lib/lib.es2015.generator.d.ts","/home/hamza/.emacs.d/.cache/lsp/npm/typescript/lib/node_modules/typescript/lib/lib.es2015.iterable.d.ts","/home/hamza/.emacs.d/.cache/lsp/npm/typescript/lib/node_modules/typescript/lib/lib.es2015.promise.d.ts","/home/hamza/.emacs.d/.cache/lsp/npm/typescript/lib/node_modules/typescript/lib/lib.es2015.proxy.d.ts","/home/hamza/.emacs.d/.cache/lsp/npm/typescript/lib/node_modules/typescript/lib/lib.es2015.reflect.d.ts","/home/hamza/.emacs.d/.cache/lsp/npm/typescript/lib/node_modules/typescript/lib/lib.es2015.symbol.d.ts","/home/hamza/.emacs.d/.cache/lsp/npm/typescript/lib/node_modules/typescript/lib/lib.es2015.symbol.wellknown.d.ts","/home/hamza/.emacs.d/.cache/lsp/npm/typescript/lib/node_modules/typescript/lib/lib.es2016.array.include.d.ts","/home/hamza/.emacs.d/.cache/lsp/npm/typescript/lib/node_modules/typescript/lib/lib.es2016.full.d.ts","/home/hamza/dev/react/meme-generator/src/components/navbar.jsx","/home/hamza/dev/react/meme-generator/src/memesData.js","/home/hamza/dev/react/meme-generator/src/components/meme.jsx","/home/hamza/dev/react/meme-generator/src/App.js"],"compilerOptions":{"module":1,"target":3,"jsx":1,"allowJs":true,"allowSyntheticDefaultImports":true,"allowNonTsExtensions":true,"noEmitForJsFiles":true,"maxNodeModuleJsDepth":2},"typeAcquisition":{"enable":true,"include":[],"exclude":[]},"unresolvedImports":[],"projectRootPath":"/home/hamza/dev/react/meme-generator/src","kind":"discover"}
[01:26:52.551] Loaded safelist from types map file '/home/hamza/.emacs.d/.cache/lsp/npm/typescript/lib/node_modules/typescript/lib/typesMap.json'
[01:26:52.551] Explicitly included types: []
[01:26:52.552] Inferred 'react' typings due to presence of '.jsx' extension
[01:26:52.552] Inferred typings from unresolved imports: []
[01:26:52.552] Result: {"cachedTypingPaths":["/home/hamza/.cache/typescript/4.7/node_modules/@types/react/index.d.ts"],"newTypingNames":[],"filesToWatch":["/home/hamza/dev/react/meme-generator/src/components/bower_components","/home/hamza/dev/react/meme-generator/src/components/node_modules","/home/hamza/dev/react/meme-generator/src/bower_components","/home/hamza/dev/react/meme-generator/src/node_modules"]}
[01:26:52.552] Finished typings discovery: {"cachedTypingPaths":["/home/hamza/.cache/typescript/4.7/node_modules/@types/react/index.d.ts"],"newTypingNames":[],"filesToWatch":["/home/hamza/dev/react/meme-generator/src/components/bower_components","/home/hamza/dev/react/meme-generator/src/components/node_modules","/home/hamza/dev/react/meme-generator/src/bower_components","/home/hamza/dev/react/meme-generator/src/node_modules"]}
[01:26:52.553] DirectoryWatcher:: Added:: WatchInfo: /home/hamza/dev/react/meme-generator/src/components
[01:26:52.553] DirectoryWatcher:: Added:: WatchInfo: /home/hamza/dev/react/meme-generator/src/components 1 undefined Project: /dev/null/inferredProject1* watcher already invoked: false
[01:26:52.554] Elapsed:: 0.9238229990005493ms DirectoryWatcher:: Added:: WatchInfo: /home/hamza/dev/react/meme-generator/src/components 1 undefined Project: /dev/null/inferredProject1* watcher already invoked: false
[01:26:52.554] DirectoryWatcher:: Added:: WatchInfo: /home/hamza/dev/react/meme-generator/src/bower_components
[01:26:52.554] DirectoryWatcher:: Added:: WatchInfo: /home/hamza/dev/react/meme-generator/src/bower_components 1 undefined Project: /dev/null/inferredProject1* watcher already invoked: false
[01:26:52.555] Elapsed:: 0.5150360018014908ms DirectoryWatcher:: Added:: WatchInfo: /home/hamza/dev/react/meme-generator/src/bower_components 1 undefined Project: /dev/null/inferredProject1* watcher already invoked: false
[01:26:52.555] DirectoryWatcher:: Added:: WatchInfo: /home/hamza/dev/react/meme-generator/src/node_modules
[01:26:52.555] DirectoryWatcher:: Added:: WatchInfo: /home/hamza/dev/react/meme-generator/src/node_modules 1 undefined Project: /dev/null/inferredProject1* watcher already invoked: false
[01:26:52.555] Elapsed:: 0.0929040014743805ms DirectoryWatcher:: Added:: WatchInfo: /home/hamza/dev/react/meme-generator/src/node_modules 1 undefined Project: /dev/null/inferredProject1* watcher already invoked: false
[01:26:52.555] Sending response:
    {"projectName":"/dev/null/inferredProject1*","typeAcquisition":{"enable":true,"include":[],"exclude":[]},"compilerOptions":{"module":1,"target":3,"jsx":1,"allowJs":true,"allowSyntheticDefaultImports":true,"allowNonTsExtensions":true,"noEmitForJsFiles":true,"maxNodeModuleJsDepth":2},"typings":["/home/hamza/.cache/typescript/4.7/node_modules/@types/react/index.d.ts"],"unresolvedImports":[],"kind":"action::set"}
[01:26:52.555] Response has been sent.
[01:26:52.555] No new typings were requested as a result of typings discovery
[01:26:52.843] Got install request {"projectName":"/dev/null/inferredProject1*","fileNames":["/home/hamza/.emacs.d/.cache/lsp/npm/typescript/lib/node_modules/typescript/lib/lib.es5.d.ts","/home/hamza/.emacs.d/.cache/lsp/npm/typescript/lib/node_modules/typescript/lib/lib.es2015.d.ts","/home/hamza/.emacs.d/.cache/lsp/npm/typescript/lib/node_modules/typescript/lib/lib.es2016.d.ts","/home/hamza/.emacs.d/.cache/lsp/npm/typescript/lib/node_modules/typescript/lib/lib.dom.d.ts","/home/hamza/.emacs.d/.cache/lsp/npm/typescript/lib/node_modules/typescript/lib/lib.dom.iterable.d.ts","/home/hamza/.emacs.d/.cache/lsp/npm/typescript/lib/node_modules/typescript/lib/lib.webworker.importscripts.d.ts","/home/hamza/.emacs.d/.cache/lsp/npm/typescript/lib/node_modules/typescript/lib/lib.scripthost.d.ts","/home/hamza/.emacs.d/.cache/lsp/npm/typescript/lib/node_modules/typescript/lib/lib.es2015.core.d.ts","/home/hamza/.emacs.d/.cache/lsp/npm/typescript/lib/node_modules/typescript/lib/lib.es2015.collection.d.ts","/home/hamza/.emacs.d/.cache/lsp/npm/typescript/lib/node_modules/typescript/lib/lib.es2015.generator.d.ts","/home/hamza/.emacs.d/.cache/lsp/npm/typescript/lib/node_modules/typescript/lib/lib.es2015.iterable.d.ts","/home/hamza/.emacs.d/.cache/lsp/npm/typescript/lib/node_modules/typescript/lib/lib.es2015.promise.d.ts","/home/hamza/.emacs.d/.cache/lsp/npm/typescript/lib/node_modules/typescript/lib/lib.es2015.proxy.d.ts","/home/hamza/.emacs.d/.cache/lsp/npm/typescript/lib/node_modules/typescript/lib/lib.es2015.reflect.d.ts","/home/hamza/.emacs.d/.cache/lsp/npm/typescript/lib/node_modules/typescript/lib/lib.es2015.symbol.d.ts","/home/hamza/.emacs.d/.cache/lsp/npm/typescript/lib/node_modules/typescript/lib/lib.es2015.symbol.wellknown.d.ts","/home/hamza/.emacs.d/.cache/lsp/npm/typescript/lib/node_modules/typescript/lib/lib.es2016.array.include.d.ts","/home/hamza/.emacs.d/.cache/lsp/npm/typescript/lib/node_modules/typescript/lib/lib.es2016.full.d.ts","/home/hamza/dev/react/meme-generator/src/components/navbar.jsx","/home/hamza/dev/react/meme-generator/src/memesData.js","/home/hamza/dev/react/meme-generator/src/components/meme.jsx","/home/hamza/dev/react/meme-generator/src/App.js","/home/hamza/.cache/typescript/4.7/node_modules/@types/react/global.d.ts","/home/hamza/.cache/typescript/4.7/node_modules/@types/react/index.d.ts"],"compilerOptions":{"module":1,"target":3,"jsx":1,"allowJs":true,"allowSyntheticDefaultImports":true,"allowNonTsExtensions":true,"noEmitForJsFiles":true,"maxNodeModuleJsDepth":2},"typeAcquisition":{"enable":true,"include":[],"exclude":[]},"unresolvedImports":[],"projectRootPath":"/home/hamza/dev/react/meme-generator/src","kind":"discover"}
[01:26:52.843] Explicitly included types: []
[01:26:52.843] Inferred 'react' typings due to presence of '.jsx' extension
[01:26:52.843] Inferred typings from unresolved imports: []
[01:26:52.843] Result: {"cachedTypingPaths":["/home/hamza/.cache/typescript/4.7/node_modules/@types/react/index.d.ts"],"newTypingNames":[],"filesToWatch":["/home/hamza/dev/react/meme-generator/src/components/bower_components","/home/hamza/dev/react/meme-generator/src/components/node_modules","/home/hamza/dev/react/meme-generator/src/bower_components","/home/hamza/dev/react/meme-generator/src/node_modules"]}
[01:26:52.843] Finished typings discovery: {"cachedTypingPaths":["/home/hamza/.cache/typescript/4.7/node_modules/@types/react/index.d.ts"],"newTypingNames":[],"filesToWatch":["/home/hamza/dev/react/meme-generator/src/components/bower_components","/home/hamza/dev/react/meme-generator/src/components/node_modules","/home/hamza/dev/react/meme-generator/src/bower_components","/home/hamza/dev/react/meme-generator/src/node_modules"]}
[01:26:52.843] Sending response:
    {"projectName":"/dev/null/inferredProject1*","typeAcquisition":{"enable":true,"include":[],"exclude":[]},"compilerOptions":{"module":1,"target":3,"jsx":1,"allowJs":true,"allowSyntheticDefaultImports":true,"allowNonTsExtensions":true,"noEmitForJsFiles":true,"maxNodeModuleJsDepth":2},"typings":["/home/hamza/.cache/typescript/4.7/node_modules/@types/react/index.d.ts"],"unresolvedImports":[],"kind":"action::set"}
[01:26:52.843] Response has been sent.
[01:26:52.843] No new typings were requested as a result of typings discovery
