[01:53:18.897] Global cache location '/home/hamza/.cache/typescript/4.7', safe file path '/home/hamza/.emacs.d/var/lsp/server/npm/typescript/lib/node_modules/typescript/lib/typingSafeList.json', types map path /home/hamza/.emacs.d/var/lsp/server/npm/typescript/lib/node_modules/typescript/lib/typesMap.json
[01:53:18.897] Processing cache location '/home/hamza/.cache/typescript/4.7'
[01:53:18.897] Trying to find '/home/hamza/.cache/typescript/4.7/package.json'...
[01:53:18.898] Loaded content of '/home/hamza/.cache/typescript/4.7/package.json': {"private":true,"dependencies":{"types-registry":"^0.1.602"},"devDependencies":{"@types/babel__core":"^7.1.19","@types/babel__preset-env":"^7.9.2","@types/react":"^18.0.15","@types/react-dom":"^18.0.6"}}
[01:53:18.898] Loaded content of '/home/hamza/.cache/typescript/4.7/package-lock.json'
[01:53:18.907] Adding entry into typings cache: 'babel__core' => '/home/hamza/.cache/typescript/4.7/node_modules/@types/babel__core/index.d.ts'
[01:53:18.908] Adding entry into typings cache: 'babel__preset-env' => '/home/hamza/.cache/typescript/4.7/node_modules/@types/babel__preset-env/index.d.ts'
[01:53:18.911] Adding entry into typings cache: 'react' => '/home/hamza/.cache/typescript/4.7/node_modules/@types/react/index.d.ts'
[01:53:18.912] Adding entry into typings cache: 'react-dom' => '/home/hamza/.cache/typescript/4.7/node_modules/@types/react-dom/index.d.ts'
[01:53:18.912] Finished processing cache location '/home/hamza/.cache/typescript/4.7'
[01:53:18.912] Process id: 22182
[01:53:18.912] NPM location: /usr/bin/npm (explicit '--npmLocation' not  provided)
[01:53:18.912] validateDefaultNpmLocation: false
[01:53:18.912] Npm config file: /home/hamza/.cache/typescript/4.7/package.json
[01:53:18.912] Updating types-registry npm package...
[01:53:18.913] Exec: /usr/bin/npm install --ignore-scripts types-registry@latest
[01:53:19.696]     Succeeded. stdout:
    
    up to date, audited 16 packages in 575ms

found 0 vulnerabilities

[01:53:19.696] Updated types-registry npm package
[01:53:20.373] Got install request {"projectName":"/dev/null/inferredProject1*","fileNames":["/home/hamza/.emacs.d/var/lsp/server/npm/typescript/lib/node_modules/typescript/lib/lib.es5.d.ts","/home/hamza/.emacs.d/var/lsp/server/npm/typescript/lib/node_modules/typescript/lib/lib.es2015.d.ts","/home/hamza/.emacs.d/var/lsp/server/npm/typescript/lib/node_modules/typescript/lib/lib.es2016.d.ts","/home/hamza/.emacs.d/var/lsp/server/npm/typescript/lib/node_modules/typescript/lib/lib.dom.d.ts","/home/hamza/.emacs.d/var/lsp/server/npm/typescript/lib/node_modules/typescript/lib/lib.dom.iterable.d.ts","/home/hamza/.emacs.d/var/lsp/server/npm/typescript/lib/node_modules/typescript/lib/lib.webworker.importscripts.d.ts","/home/hamza/.emacs.d/var/lsp/server/npm/typescript/lib/node_modules/typescript/lib/lib.scripthost.d.ts","/home/hamza/.emacs.d/var/lsp/server/npm/typescript/lib/node_modules/typescript/lib/lib.es2015.core.d.ts","/home/hamza/.emacs.d/var/lsp/server/npm/typescript/lib/node_modules/typescript/lib/lib.es2015.collection.d.ts","/home/hamza/.emacs.d/var/lsp/server/npm/typescript/lib/node_modules/typescript/lib/lib.es2015.generator.d.ts","/home/hamza/.emacs.d/var/lsp/server/npm/typescript/lib/node_modules/typescript/lib/lib.es2015.iterable.d.ts","/home/hamza/.emacs.d/var/lsp/server/npm/typescript/lib/node_modules/typescript/lib/lib.es2015.promise.d.ts","/home/hamza/.emacs.d/var/lsp/server/npm/typescript/lib/node_modules/typescript/lib/lib.es2015.proxy.d.ts","/home/hamza/.emacs.d/var/lsp/server/npm/typescript/lib/node_modules/typescript/lib/lib.es2015.reflect.d.ts","/home/hamza/.emacs.d/var/lsp/server/npm/typescript/lib/node_modules/typescript/lib/lib.es2015.symbol.d.ts","/home/hamza/.emacs.d/var/lsp/server/npm/typescript/lib/node_modules/typescript/lib/lib.es2015.symbol.wellknown.d.ts","/home/hamza/.emacs.d/var/lsp/server/npm/typescript/lib/node_modules/typescript/lib/lib.es2016.array.include.d.ts","/home/hamza/.emacs.d/var/lsp/server/npm/typescript/lib/node_modules/typescript/lib/lib.es2016.full.d.ts","/home/hamza/dev/react/meme-generator/src/memesData.js","/home/hamza/dev/react/meme-generator/src/components/meme.jsx"],"compilerOptions":{"module":1,"target":3,"jsx":1,"allowJs":true,"allowSyntheticDefaultImports":true,"allowNonTsExtensions":true,"noEmitForJsFiles":true,"maxNodeModuleJsDepth":2},"typeAcquisition":{"enable":true,"include":[],"exclude":[]},"unresolvedImports":[],"projectRootPath":"/home/hamza/dev/react/meme-generator/src/components","kind":"discover"}
[01:53:20.382] Loaded safelist from types map file '/home/hamza/.emacs.d/var/lsp/server/npm/typescript/lib/node_modules/typescript/lib/typesMap.json'
[01:53:20.383] Explicitly included types: []
[01:53:20.383] Inferred 'react' typings due to presence of '.jsx' extension
[01:53:20.383] Inferred typings from unresolved imports: []
[01:53:20.384] Result: {"cachedTypingPaths":["/home/hamza/.cache/typescript/4.7/node_modules/@types/react/index.d.ts"],"newTypingNames":[],"filesToWatch":["/home/hamza/dev/react/meme-generator/src/bower_components","/home/hamza/dev/react/meme-generator/src/node_modules","/home/hamza/dev/react/meme-generator/src/components/bower_components","/home/hamza/dev/react/meme-generator/src/components/node_modules"]}
[01:53:20.384] Finished typings discovery: {"cachedTypingPaths":["/home/hamza/.cache/typescript/4.7/node_modules/@types/react/index.d.ts"],"newTypingNames":[],"filesToWatch":["/home/hamza/dev/react/meme-generator/src/bower_components","/home/hamza/dev/react/meme-generator/src/node_modules","/home/hamza/dev/react/meme-generator/src/components/bower_components","/home/hamza/dev/react/meme-generator/src/components/node_modules"]}
[01:53:20.384] DirectoryWatcher:: Added:: WatchInfo: /home/hamza/dev/react/meme-generator/src/bower_components
[01:53:20.384] DirectoryWatcher:: Added:: WatchInfo: /home/hamza/dev/react/meme-generator/src/bower_components 1 undefined Project: /dev/null/inferredProject1* watcher already invoked: false
[01:53:20.385] Elapsed:: 1.0119680017232895ms DirectoryWatcher:: Added:: WatchInfo: /home/hamza/dev/react/meme-generator/src/bower_components 1 undefined Project: /dev/null/inferredProject1* watcher already invoked: false
[01:53:20.385] DirectoryWatcher:: Added:: WatchInfo: /home/hamza/dev/react/meme-generator/src/node_modules
[01:53:20.385] DirectoryWatcher:: Added:: WatchInfo: /home/hamza/dev/react/meme-generator/src/node_modules 1 undefined Project: /dev/null/inferredProject1* watcher already invoked: false
[01:53:20.385] Elapsed:: 0.07057200372219086ms DirectoryWatcher:: Added:: WatchInfo: /home/hamza/dev/react/meme-generator/src/node_modules 1 undefined Project: /dev/null/inferredProject1* watcher already invoked: false
[01:53:20.386] DirectoryWatcher:: Added:: WatchInfo: /home/hamza/dev/react/meme-generator/src/components/bower_components
[01:53:20.386] DirectoryWatcher:: Added:: WatchInfo: /home/hamza/dev/react/meme-generator/src/components/bower_components 1 undefined Project: /dev/null/inferredProject1* watcher already invoked: false
[01:53:20.386] Elapsed:: 0.09110099822282791ms DirectoryWatcher:: Added:: WatchInfo: /home/hamza/dev/react/meme-generator/src/components/bower_components 1 undefined Project: /dev/null/inferredProject1* watcher already invoked: false
[01:53:20.386] DirectoryWatcher:: Added:: WatchInfo: /home/hamza/dev/react/meme-generator/src/components/node_modules
[01:53:20.386] DirectoryWatcher:: Added:: WatchInfo: /home/hamza/dev/react/meme-generator/src/components/node_modules 1 undefined Project: /dev/null/inferredProject1* watcher already invoked: false
[01:53:20.386] Elapsed:: 0.08274500072002411ms DirectoryWatcher:: Added:: WatchInfo: /home/hamza/dev/react/meme-generator/src/components/node_modules 1 undefined Project: /dev/null/inferredProject1* watcher already invoked: false
[01:53:20.386] Sending response:
    {"projectName":"/dev/null/inferredProject1*","typeAcquisition":{"enable":true,"include":[],"exclude":[]},"compilerOptions":{"module":1,"target":3,"jsx":1,"allowJs":true,"allowSyntheticDefaultImports":true,"allowNonTsExtensions":true,"noEmitForJsFiles":true,"maxNodeModuleJsDepth":2},"typings":["/home/hamza/.cache/typescript/4.7/node_modules/@types/react/index.d.ts"],"unresolvedImports":[],"kind":"action::set"}
[01:53:20.387] Response has been sent.
[01:53:20.387] No new typings were requested as a result of typings discovery
[01:53:20.876] Got install request {"projectName":"/dev/null/inferredProject1*","fileNames":["/home/hamza/.emacs.d/var/lsp/server/npm/typescript/lib/node_modules/typescript/lib/lib.es5.d.ts","/home/hamza/.emacs.d/var/lsp/server/npm/typescript/lib/node_modules/typescript/lib/lib.es2015.d.ts","/home/hamza/.emacs.d/var/lsp/server/npm/typescript/lib/node_modules/typescript/lib/lib.es2016.d.ts","/home/hamza/.emacs.d/var/lsp/server/npm/typescript/lib/node_modules/typescript/lib/lib.dom.d.ts","/home/hamza/.emacs.d/var/lsp/server/npm/typescript/lib/node_modules/typescript/lib/lib.dom.iterable.d.ts","/home/hamza/.emacs.d/var/lsp/server/npm/typescript/lib/node_modules/typescript/lib/lib.webworker.importscripts.d.ts","/home/hamza/.emacs.d/var/lsp/server/npm/typescript/lib/node_modules/typescript/lib/lib.scripthost.d.ts","/home/hamza/.emacs.d/var/lsp/server/npm/typescript/lib/node_modules/typescript/lib/lib.es2015.core.d.ts","/home/hamza/.emacs.d/var/lsp/server/npm/typescript/lib/node_modules/typescript/lib/lib.es2015.collection.d.ts","/home/hamza/.emacs.d/var/lsp/server/npm/typescript/lib/node_modules/typescript/lib/lib.es2015.generator.d.ts","/home/hamza/.emacs.d/var/lsp/server/npm/typescript/lib/node_modules/typescript/lib/lib.es2015.iterable.d.ts","/home/hamza/.emacs.d/var/lsp/server/npm/typescript/lib/node_modules/typescript/lib/lib.es2015.promise.d.ts","/home/hamza/.emacs.d/var/lsp/server/npm/typescript/lib/node_modules/typescript/lib/lib.es2015.proxy.d.ts","/home/hamza/.emacs.d/var/lsp/server/npm/typescript/lib/node_modules/typescript/lib/lib.es2015.reflect.d.ts","/home/hamza/.emacs.d/var/lsp/server/npm/typescript/lib/node_modules/typescript/lib/lib.es2015.symbol.d.ts","/home/hamza/.emacs.d/var/lsp/server/npm/typescript/lib/node_modules/typescript/lib/lib.es2015.symbol.wellknown.d.ts","/home/hamza/.emacs.d/var/lsp/server/npm/typescript/lib/node_modules/typescript/lib/lib.es2016.array.include.d.ts","/home/hamza/.emacs.d/var/lsp/server/npm/typescript/lib/node_modules/typescript/lib/lib.es2016.full.d.ts","/home/hamza/dev/react/meme-generator/src/memesData.js","/home/hamza/dev/react/meme-generator/src/components/meme.jsx","/home/hamza/.cache/typescript/4.7/node_modules/@types/react/global.d.ts","/home/hamza/.cache/typescript/4.7/node_modules/@types/react/index.d.ts"],"compilerOptions":{"module":1,"target":3,"jsx":1,"allowJs":true,"allowSyntheticDefaultImports":true,"allowNonTsExtensions":true,"noEmitForJsFiles":true,"maxNodeModuleJsDepth":2},"typeAcquisition":{"enable":true,"include":[],"exclude":[]},"unresolvedImports":[],"projectRootPath":"/home/hamza/dev/react/meme-generator/src/components","kind":"discover"}
[01:53:20.876] Explicitly included types: []
[01:53:20.876] Inferred 'react' typings due to presence of '.jsx' extension
[01:53:20.876] Inferred typings from unresolved imports: []
[01:53:20.876] Result: {"cachedTypingPaths":["/home/hamza/.cache/typescript/4.7/node_modules/@types/react/index.d.ts"],"newTypingNames":[],"filesToWatch":["/home/hamza/dev/react/meme-generator/src/bower_components","/home/hamza/dev/react/meme-generator/src/node_modules","/home/hamza/dev/react/meme-generator/src/components/bower_components","/home/hamza/dev/react/meme-generator/src/components/node_modules"]}
[01:53:20.876] Finished typings discovery: {"cachedTypingPaths":["/home/hamza/.cache/typescript/4.7/node_modules/@types/react/index.d.ts"],"newTypingNames":[],"filesToWatch":["/home/hamza/dev/react/meme-generator/src/bower_components","/home/hamza/dev/react/meme-generator/src/node_modules","/home/hamza/dev/react/meme-generator/src/components/bower_components","/home/hamza/dev/react/meme-generator/src/components/node_modules"]}
[01:53:20.876] Sending response:
    {"projectName":"/dev/null/inferredProject1*","typeAcquisition":{"enable":true,"include":[],"exclude":[]},"compilerOptions":{"module":1,"target":3,"jsx":1,"allowJs":true,"allowSyntheticDefaultImports":true,"allowNonTsExtensions":true,"noEmitForJsFiles":true,"maxNodeModuleJsDepth":2},"typings":["/home/hamza/.cache/typescript/4.7/node_modules/@types/react/index.d.ts"],"unresolvedImports":[],"kind":"action::set"}
[01:53:20.877] Response has been sent.
[01:53:20.877] No new typings were requested as a result of typings discovery
[02:21:52.601] Got install request {"projectName":"/dev/null/inferredProject2*","fileNames":["/home/hamza/.emacs.d/var/lsp/server/npm/typescript/lib/node_modules/typescript/lib/lib.es5.d.ts","/home/hamza/.emacs.d/var/lsp/server/npm/typescript/lib/node_modules/typescript/lib/lib.es2015.d.ts","/home/hamza/.emacs.d/var/lsp/server/npm/typescript/lib/node_modules/typescript/lib/lib.es2016.d.ts","/home/hamza/.emacs.d/var/lsp/server/npm/typescript/lib/node_modules/typescript/lib/lib.dom.d.ts","/home/hamza/.emacs.d/var/lsp/server/npm/typescript/lib/node_modules/typescript/lib/lib.dom.iterable.d.ts","/home/hamza/.emacs.d/var/lsp/server/npm/typescript/lib/node_modules/typescript/lib/lib.webworker.importscripts.d.ts","/home/hamza/.emacs.d/var/lsp/server/npm/typescript/lib/node_modules/typescript/lib/lib.scripthost.d.ts","/home/hamza/.emacs.d/var/lsp/server/npm/typescript/lib/node_modules/typescript/lib/lib.es2015.core.d.ts","/home/hamza/.emacs.d/var/lsp/server/npm/typescript/lib/node_modules/typescript/lib/lib.es2015.collection.d.ts","/home/hamza/.emacs.d/var/lsp/server/npm/typescript/lib/node_modules/typescript/lib/lib.es2015.generator.d.ts","/home/hamza/.emacs.d/var/lsp/server/npm/typescript/lib/node_modules/typescript/lib/lib.es2015.iterable.d.ts","/home/hamza/.emacs.d/var/lsp/server/npm/typescript/lib/node_modules/typescript/lib/lib.es2015.promise.d.ts","/home/hamza/.emacs.d/var/lsp/server/npm/typescript/lib/node_modules/typescript/lib/lib.es2015.proxy.d.ts","/home/hamza/.emacs.d/var/lsp/server/npm/typescript/lib/node_modules/typescript/lib/lib.es2015.reflect.d.ts","/home/hamza/.emacs.d/var/lsp/server/npm/typescript/lib/node_modules/typescript/lib/lib.es2015.symbol.d.ts","/home/hamza/.emacs.d/var/lsp/server/npm/typescript/lib/node_modules/typescript/lib/lib.es2015.symbol.wellknown.d.ts","/home/hamza/.emacs.d/var/lsp/server/npm/typescript/lib/node_modules/typescript/lib/lib.es2016.array.include.d.ts","/home/hamza/.emacs.d/var/lsp/server/npm/typescript/lib/node_modules/typescript/lib/lib.es2016.full.d.ts","/home/hamza/dev/react/meme-generator/src/App.css"],"compilerOptions":{"module":1,"target":3,"jsx":1,"allowJs":true,"allowSyntheticDefaultImports":true,"allowNonTsExtensions":true,"noEmitForJsFiles":true},"typeAcquisition":{"enable":true,"include":[],"exclude":[]},"unresolvedImports":[],"projectRootPath":"/home/hamza/dev/react/meme-generator/src","kind":"discover"}
[02:21:52.601] Explicitly included types: []
[02:21:52.601] Inferred typings from unresolved imports: []
[02:21:52.601] Result: {"cachedTypingPaths":[],"newTypingNames":[],"filesToWatch":["/home/hamza/dev/react/meme-generator/src/bower_components","/home/hamza/dev/react/meme-generator/src/node_modules"]}
[02:21:52.601] Finished typings discovery: {"cachedTypingPaths":[],"newTypingNames":[],"filesToWatch":["/home/hamza/dev/react/meme-generator/src/bower_components","/home/hamza/dev/react/meme-generator/src/node_modules"]}
[02:21:52.602] DirectoryWatcher:: Added:: WatchInfo: /home/hamza/dev/react/meme-generator/src/bower_components
[02:21:52.602] DirectoryWatcher:: Added:: WatchInfo: /home/hamza/dev/react/meme-generator/src/bower_components 1 undefined Project: /dev/null/inferredProject2* watcher already invoked: false
[02:21:52.602] Elapsed:: 0.033733002841472626ms DirectoryWatcher:: Added:: WatchInfo: /home/hamza/dev/react/meme-generator/src/bower_components 1 undefined Project: /dev/null/inferredProject2* watcher already invoked: false
[02:21:52.602] DirectoryWatcher:: Added:: WatchInfo: /home/hamza/dev/react/meme-generator/src/node_modules
[02:21:52.602] DirectoryWatcher:: Added:: WatchInfo: /home/hamza/dev/react/meme-generator/src/node_modules 1 undefined Project: /dev/null/inferredProject2* watcher already invoked: false
[02:21:52.602] Elapsed:: 0.013034999370574951ms DirectoryWatcher:: Added:: WatchInfo: /home/hamza/dev/react/meme-generator/src/node_modules 1 undefined Project: /dev/null/inferredProject2* watcher already invoked: false
[02:21:52.602] Sending response:
    {"projectName":"/dev/null/inferredProject2*","typeAcquisition":{"enable":true,"include":[],"exclude":[]},"compilerOptions":{"module":1,"target":3,"jsx":1,"allowJs":true,"allowSyntheticDefaultImports":true,"allowNonTsExtensions":true,"noEmitForJsFiles":true},"typings":[],"unresolvedImports":[],"kind":"action::set"}
[02:21:52.602] Response has been sent.
[02:21:52.602] No new typings were requested as a result of typings discovery
[00:30:39.971] Got install request {"projectName":"/dev/null/inferredProject1*","fileNames":["/home/hamza/.emacs.d/var/lsp/server/npm/typescript/lib/node_modules/typescript/lib/lib.es5.d.ts","/home/hamza/.emacs.d/var/lsp/server/npm/typescript/lib/node_modules/typescript/lib/lib.es2015.d.ts","/home/hamza/.emacs.d/var/lsp/server/npm/typescript/lib/node_modules/typescript/lib/lib.es2016.d.ts","/home/hamza/.emacs.d/var/lsp/server/npm/typescript/lib/node_modules/typescript/lib/lib.dom.d.ts","/home/hamza/.emacs.d/var/lsp/server/npm/typescript/lib/node_modules/typescript/lib/lib.dom.iterable.d.ts","/home/hamza/.emacs.d/var/lsp/server/npm/typescript/lib/node_modules/typescript/lib/lib.webworker.importscripts.d.ts","/home/hamza/.emacs.d/var/lsp/server/npm/typescript/lib/node_modules/typescript/lib/lib.scripthost.d.ts","/home/hamza/.emacs.d/var/lsp/server/npm/typescript/lib/node_modules/typescript/lib/lib.es2015.core.d.ts","/home/hamza/.emacs.d/var/lsp/server/npm/typescript/lib/node_modules/typescript/lib/lib.es2015.collection.d.ts","/home/hamza/.emacs.d/var/lsp/server/npm/typescript/lib/node_modules/typescript/lib/lib.es2015.generator.d.ts","/home/hamza/.emacs.d/var/lsp/server/npm/typescript/lib/node_modules/typescript/lib/lib.es2015.iterable.d.ts","/home/hamza/.emacs.d/var/lsp/server/npm/typescript/lib/node_modules/typescript/lib/lib.es2015.promise.d.ts","/home/hamza/.emacs.d/var/lsp/server/npm/typescript/lib/node_modules/typescript/lib/lib.es2015.proxy.d.ts","/home/hamza/.emacs.d/var/lsp/server/npm/typescript/lib/node_modules/typescript/lib/lib.es2015.reflect.d.ts","/home/hamza/.emacs.d/var/lsp/server/npm/typescript/lib/node_modules/typescript/lib/lib.es2015.symbol.d.ts","/home/hamza/.emacs.d/var/lsp/server/npm/typescript/lib/node_modules/typescript/lib/lib.es2015.symbol.wellknown.d.ts","/home/hamza/.emacs.d/var/lsp/server/npm/typescript/lib/node_modules/typescript/lib/lib.es2016.array.include.d.ts","/home/hamza/.emacs.d/var/lsp/server/npm/typescript/lib/node_modules/typescript/lib/lib.es2016.full.d.ts","/home/hamza/dev/react/meme-generator/src/components/meme.jsx","/home/hamza/.cache/typescript/4.7/node_modules/@types/react/global.d.ts","/home/hamza/.cache/typescript/4.7/node_modules/@types/react/index.d.ts"],"compilerOptions":{"module":1,"target":3,"jsx":1,"allowJs":true,"allowSyntheticDefaultImports":true,"allowNonTsExtensions":true,"noEmitForJsFiles":true,"maxNodeModuleJsDepth":2},"typeAcquisition":{"enable":true,"include":[],"exclude":[]},"unresolvedImports":[],"projectRootPath":"/home/hamza/dev/react/meme-generator/src/components","kind":"discover"}
[00:30:39.986] Explicitly included types: []
[00:30:39.986] Inferred 'react' typings due to presence of '.jsx' extension
[00:30:39.986] Inferred typings from unresolved imports: []
[00:30:39.987] Result: {"cachedTypingPaths":["/home/hamza/.cache/typescript/4.7/node_modules/@types/react/index.d.ts"],"newTypingNames":[],"filesToWatch":["/home/hamza/dev/react/meme-generator/src/components/bower_components","/home/hamza/dev/react/meme-generator/src/components/node_modules"]}
[00:30:39.987] Finished typings discovery: {"cachedTypingPaths":["/home/hamza/.cache/typescript/4.7/node_modules/@types/react/index.d.ts"],"newTypingNames":[],"filesToWatch":["/home/hamza/dev/react/meme-generator/src/components/bower_components","/home/hamza/dev/react/meme-generator/src/components/node_modules"]}
[00:30:39.987] DirectoryWatcher:: Closed:: WatchInfo: /home/hamza/dev/react/meme-generator/src/bower_components
[00:30:39.987] DirectoryWatcher:: Close:: WatchInfo: /home/hamza/dev/react/meme-generator/src/bower_components 1 undefined Project: /dev/null/inferredProject1* watcher already invoked: false
[00:30:39.987] Elapsed:: 0.17569899559020996ms DirectoryWatcher:: Close:: WatchInfo: /home/hamza/dev/react/meme-generator/src/bower_components 1 undefined Project: /dev/null/inferredProject1* watcher already invoked: false
[00:30:39.987] DirectoryWatcher:: Closed:: WatchInfo: /home/hamza/dev/react/meme-generator/src/node_modules
[00:30:39.987] DirectoryWatcher:: Close:: WatchInfo: /home/hamza/dev/react/meme-generator/src/node_modules 1 undefined Project: /dev/null/inferredProject1* watcher already invoked: false
[00:30:39.987] Elapsed:: 0.008116006851196289ms DirectoryWatcher:: Close:: WatchInfo: /home/hamza/dev/react/meme-generator/src/node_modules 1 undefined Project: /dev/null/inferredProject1* watcher already invoked: false
[00:30:39.988] Sending response:
    {"projectName":"/dev/null/inferredProject1*","typeAcquisition":{"enable":true,"include":[],"exclude":[]},"compilerOptions":{"module":1,"target":3,"jsx":1,"allowJs":true,"allowSyntheticDefaultImports":true,"allowNonTsExtensions":true,"noEmitForJsFiles":true,"maxNodeModuleJsDepth":2},"typings":["/home/hamza/.cache/typescript/4.7/node_modules/@types/react/index.d.ts"],"unresolvedImports":[],"kind":"action::set"}
[00:30:39.988] Response has been sent.
[00:30:39.988] No new typings were requested as a result of typings discovery
